<?xml version="1.0" encoding="UTF-8"?>
<!-- Generated by org.testng.reporters.JUnitXMLReporter -->
<testsuite hostname="DESKTOP-G0D562V" ignored="0" name="Test" tests="10" failures="0" timestamp="2020-03-31T23:29:12 IST" time="40.111" errors="0">
  <testcase name="methodOneBose" time="0.02" classname="cases.Bose"/>
  <testcase name="methodTwoBose" time="0.02" classname="cases.Bose"/>
  <testcase name="methodOneAbsa" time="0.005" classname="cases.Absa"/>
  <testcase name="methodTwoAbsa" time="0.003" classname="cases.Absa"/>
  <testcase name="methodOneAbsaWebdriver" time="23.948" classname="cases.Absa"/>
  <testcase name="methodOneBoseWebdriver" time="24.14" classname="cases.Bose"/>
  <testcase name="methodTwoBoseWebdriver" time="24.408" classname="cases.Bose"/>
  <testcase name="methodTwoAbsaWebdriver" time="24.901" classname="cases.Absa"/>
  <testcase name="methodTwoAbsaWebdriver3" time="15.096" classname="cases.Absa"/>
  <testcase name="methodTwoAbsaWebdriver4" time="15.91" classname="cases.Absa"/>
</testsuite> <!-- Test -->
