<?xml version="1.0" encoding="UTF-8"?>
<testng-results skipped="0" failed="0" ignored="0" total="10" passed="10">
  <reporter-output>
  </reporter-output>
  <suite name="Suite" duration-ms="40111" started-at="2020-03-31T23:28:32 IST" finished-at="2020-03-31T23:29:12 IST">
    <groups>
    </groups>
    <test name="Test" duration-ms="40111" started-at="2020-03-31T23:28:32 IST" finished-at="2020-03-31T23:29:12 IST">
      <class name="cases.Bose">
        <test-method status="PASS" signature="methodOneBose()[pri:0, instance:cases.Bose@79be0360]" name="methodOneBose" duration-ms="20" started-at="2020-03-31T23:28:32 IST" finished-at="2020-03-31T23:28:32 IST">
          <reporter-output>
          </reporter-output>
        </test-method> <!-- methodOneBose -->
        <test-method status="PASS" signature="methodOneBoseWebdriver()[pri:0, instance:cases.Bose@79be0360]" name="methodOneBoseWebdriver" duration-ms="24140" started-at="2020-03-31T23:28:32 IST" finished-at="2020-03-31T23:28:56 IST">
          <reporter-output>
          </reporter-output>
        </test-method> <!-- methodOneBoseWebdriver -->
        <test-method status="PASS" signature="methodTwoBoseWebdriver()[pri:0, instance:cases.Bose@79be0360]" name="methodTwoBoseWebdriver" duration-ms="24408" started-at="2020-03-31T23:28:32 IST" finished-at="2020-03-31T23:28:57 IST">
          <reporter-output>
          </reporter-output>
        </test-method> <!-- methodTwoBoseWebdriver -->
        <test-method status="PASS" signature="methodTwoBose()[pri:0, instance:cases.Bose@79be0360]" name="methodTwoBose" duration-ms="20" started-at="2020-03-31T23:28:32 IST" finished-at="2020-03-31T23:28:32 IST">
          <reporter-output>
          </reporter-output>
        </test-method> <!-- methodTwoBose -->
      </class> <!-- cases.Bose -->
      <class name="cases.Absa">
        <test-method status="PASS" signature="methodOneAbsaWebdriver()[pri:0, instance:cases.Absa@22a67b4]" name="methodOneAbsaWebdriver" duration-ms="23948" started-at="2020-03-31T23:28:32 IST" finished-at="2020-03-31T23:28:56 IST">
          <reporter-output>
          </reporter-output>
        </test-method> <!-- methodOneAbsaWebdriver -->
        <test-method status="PASS" signature="methodOneAbsa()[pri:0, instance:cases.Absa@22a67b4]" name="methodOneAbsa" duration-ms="5" started-at="2020-03-31T23:28:32 IST" finished-at="2020-03-31T23:28:32 IST">
          <reporter-output>
          </reporter-output>
        </test-method> <!-- methodOneAbsa -->
        <test-method status="PASS" signature="methodTwoAbsa()[pri:0, instance:cases.Absa@22a67b4]" name="methodTwoAbsa" duration-ms="3" started-at="2020-03-31T23:28:32 IST" finished-at="2020-03-31T23:28:32 IST">
          <reporter-output>
          </reporter-output>
        </test-method> <!-- methodTwoAbsa -->
        <test-method status="PASS" signature="methodTwoAbsaWebdriver()[pri:0, instance:cases.Absa@22a67b4]" name="methodTwoAbsaWebdriver" duration-ms="24901" started-at="2020-03-31T23:28:32 IST" finished-at="2020-03-31T23:28:57 IST">
          <reporter-output>
          </reporter-output>
        </test-method> <!-- methodTwoAbsaWebdriver -->
        <test-method status="PASS" signature="methodTwoAbsaWebdriver3()[pri:0, instance:cases.Absa@22a67b4]" name="methodTwoAbsaWebdriver3" duration-ms="15096" started-at="2020-03-31T23:28:56 IST" finished-at="2020-03-31T23:29:11 IST">
          <reporter-output>
          </reporter-output>
        </test-method> <!-- methodTwoAbsaWebdriver3 -->
        <test-method status="PASS" signature="methodTwoAbsaWebdriver4()[pri:0, instance:cases.Absa@22a67b4]" name="methodTwoAbsaWebdriver4" duration-ms="15910" started-at="2020-03-31T23:28:56 IST" finished-at="2020-03-31T23:29:12 IST">
          <reporter-output>
          </reporter-output>
        </test-method> <!-- methodTwoAbsaWebdriver4 -->
      </class> <!-- cases.Absa -->
    </test> <!-- Test -->
  </suite> <!-- Suite -->
</testng-results>
